0 info it worked if it ends with ok
1 verbose cli [ 'C:\\Program Files\\nodejs\\node.exe',
1 verbose cli   'C:\\Users\\D\\AppData\\Roaming\\npm\\node_modules\\npm\\bin\\npm-cli.js',
1 verbose cli   'run',
1 verbose cli   'tsc:w' ]
2 info using npm@4.1.1
3 info using node@v7.4.0
4 verbose run-script [ 'pretsc:w', 'tsc:w', 'posttsc:w' ]
5 info lifecycle todor-angular-test@1.0.0~pretsc:w: todor-angular-test@1.0.0
6 silly lifecycle todor-angular-test@1.0.0~pretsc:w: no script for pretsc:w, continuing
7 info lifecycle todor-angular-test@1.0.0~tsc:w: todor-angular-test@1.0.0
8 verbose lifecycle todor-angular-test@1.0.0~tsc:w: unsafe-perm in lifecycle true
9 verbose lifecycle todor-angular-test@1.0.0~tsc:w: PATH: C:\Users\D\AppData\Roaming\npm\node_modules\npm\bin\node-gyp-bin;E:\Project\node_modules\.bin;C:\Users\D\AppData\Roaming\npm\node_modules\npm\bin\node-gyp-bin;E:\Project\node_modules\.bin;C:\Windows\system32;C:\Windows;C:\Windows\System32\Wbem;C:\Windows\System32\WindowsPowerShell\v1.0\;C:\Program Files (x86)\Skype\Phone\;C:\Program Files\Git\cmd;C:\Program Files\nodejs\;C:\Ruby22\bin;C:\Users\D\AppData\Local\Microsoft\WindowsApps;;C:\Program Files (x86)\Microsoft VS Code\bin;C:\Users\D\AppData\Roaming\npm
10 verbose lifecycle todor-angular-test@1.0.0~tsc:w: CWD: E:\Project
11 silly lifecycle todor-angular-test@1.0.0~tsc:w: Args: [ '/d /s /c', 'tsc -w' ]
12 silly lifecycle todor-angular-test@1.0.0~tsc:w: Returned: code: 1  signal: null
13 info lifecycle todor-angular-test@1.0.0~tsc:w: Failed to exec tsc:w script
14 verbose stack Error: todor-angular-test@1.0.0 tsc:w: `tsc -w`
14 verbose stack Exit status 1
14 verbose stack     at EventEmitter.<anonymous> (C:\Users\D\AppData\Roaming\npm\node_modules\npm\lib\utils\lifecycle.js:279:16)
14 verbose stack     at emitTwo (events.js:106:13)
14 verbose stack     at EventEmitter.emit (events.js:191:7)
14 verbose stack     at ChildProcess.<anonymous> (C:\Users\D\AppData\Roaming\npm\node_modules\npm\lib\utils\spawn.js:40:14)
14 verbose stack     at emitTwo (events.js:106:13)
14 verbose stack     at ChildProcess.emit (events.js:191:7)
14 verbose stack     at maybeClose (internal/child_process.js:885:16)
14 verbose stack     at Process.ChildProcess._handle.onexit (internal/child_process.js:226:5)
15 verbose pkgid todor-angular-test@1.0.0
16 verbose cwd E:\Project
17 error Windows_NT 10.0.14393
18 error argv "C:\\Program Files\\nodejs\\node.exe" "C:\\Users\\D\\AppData\\Roaming\\npm\\node_modules\\npm\\bin\\npm-cli.js" "run" "tsc:w"
19 error node v7.4.0
20 error npm  v4.1.1
21 error code ELIFECYCLE
22 error todor-angular-test@1.0.0 tsc:w: `tsc -w`
22 error Exit status 1
23 error Failed at the todor-angular-test@1.0.0 tsc:w script 'tsc -w'.
23 error Make sure you have the latest version of node.js and npm installed.
23 error If you do, this is most likely a problem with the todor-angular-test package,
23 error not with npm itself.
23 error Tell the author that this fails on your system:
23 error     tsc -w
23 error You can get information on how to open an issue for this project with:
23 error     npm bugs todor-angular-test
23 error Or if that isn't available, you can get their info via:
23 error     npm owner ls todor-angular-test
23 error There is likely additional logging output above.
24 verbose exit [ 1, true ]
